<?xml version="1.0" encoding="UTF-8"?>
<!-- Generated by org.testng.reporters.JUnitReportReporter -->
<testsuite hostname="LAPTOP-CJ41LFN6" failures="1" tests="10" name="testcases.TestCase" time="1.927" errors="0" timestamp="2024-01-02T15:43:51 GMT" skipped="8">
  <testcase classname="testcases.TestCase" name="testRegisterSucessfull" time="1.727">
    <failure message="expected [400] but found [200]" type="java.lang.AssertionError">
      <![CDATA[java.lang.AssertionError: expected [400] but found [200]
at org.testng.Assert.fail(Assert.java:99)
at org.testng.Assert.failNotEquals(Assert.java:1037)
at org.testng.Assert.assertEqualsImpl(Assert.java:140)
at org.testng.Assert.assertEquals(Assert.java:122)
at org.testng.Assert.assertEquals(Assert.java:907)
at org.testng.Assert.assertEquals(Assert.java:917)
at testcases.TestCase.testRegisterSucessfull(TestCase.java:213)
at java.base/jdk.internal.reflect.NativeMethodAccessorImpl.invoke0(Native Method)
at java.base/jdk.internal.reflect.NativeMethodAccessorImpl.invoke(NativeMethodAccessorImpl.java:62)
at java.base/jdk.internal.reflect.DelegatingMethodAccessorImpl.invoke(DelegatingMethodAccessorImpl.java:43)
at java.base/java.lang.reflect.Method.invoke(Method.java:566)
at org.testng.internal.MethodInvocationHelper.invokeMethod(MethodInvocationHelper.java:133)
at org.testng.internal.TestInvoker.invokeMethod(TestInvoker.java:598)
at org.testng.internal.TestInvoker.invokeTestMethod(TestInvoker.java:173)
at org.testng.internal.MethodRunner.runInSequence(MethodRunner.java:46)
at org.testng.internal.TestInvoker$MethodInvocationAgent.invoke(TestInvoker.java:824)
at org.testng.internal.TestInvoker.invokeTestMethods(TestInvoker.java:146)
at org.testng.internal.TestMethodWorker.invokeTestMethods(TestMethodWorker.java:146)
at org.testng.internal.TestMethodWorker.run(TestMethodWorker.java:128)
at java.base/java.util.ArrayList.forEach(ArrayList.java:1541)
at org.testng.TestRunner.privateRun(TestRunner.java:794)
at org.testng.TestRunner.run(TestRunner.java:596)
at org.testng.SuiteRunner.runTest(SuiteRunner.java:377)
at org.testng.SuiteRunner.runSequentially(SuiteRunner.java:371)
at org.testng.SuiteRunner.privateRun(SuiteRunner.java:332)
at org.testng.SuiteRunner.run(SuiteRunner.java:276)
at org.testng.SuiteRunnerWorker.runSuite(SuiteRunnerWorker.java:53)
at org.testng.SuiteRunnerWorker.run(SuiteRunnerWorker.java:96)
at org.testng.TestNG.runSuitesSequentially(TestNG.java:1212)
at org.testng.TestNG.runSuitesLocally(TestNG.java:1134)
at org.testng.TestNG.runSuites(TestNG.java:1063)
at org.testng.TestNG.run(TestNG.java:1031)
at org.testng.remote.AbstractRemoteTestNG.run(AbstractRemoteTestNG.java:115)
at org.testng.remote.RemoteTestNG.initAndRun(RemoteTestNG.java:251)
at org.testng.remote.RemoteTestNG.main(RemoteTestNG.java:77)
]]>
    </failure>
  </testcase> <!-- testRegisterSucessfull -->
  <system-out/>
  <testcase classname="testcases.TestCase" name="testRegisterUnsucessfull" time="0.200"/>
  <system-out/>
  <testcase classname="testcases.TestCase" name="testGetSingleUsersNotFound">
    <skipped/>
  </testcase> <!-- testGetSingleUsersNotFound -->
  <system-out/>
  <testcase classname="testcases.TestCase" name="testGetSingleResourse">
    <skipped/>
  </testcase> <!-- testGetSingleResourse -->
  <system-out/>
  <testcase classname="testcases.TestCase" name="testGetListUsers">
    <skipped/>
  </testcase> <!-- testGetListUsers -->
  <system-out/>
  <testcase classname="testcases.TestCase" name="testGetSingleResourceNotFound">
    <skipped/>
  </testcase> <!-- testGetSingleResourceNotFound -->
  <system-out/>
  <testcase classname="testcases.TestCase" name="testGetListResourses">
    <skipped/>
  </testcase> <!-- testGetListResourses -->
  <system-out/>
  <testcase classname="testcases.TestCase" name="testGetSingleUser">
    <skipped/>
  </testcase> <!-- testGetSingleUser -->
  <system-out/>
  <testcase classname="testcases.TestCase" name="testDeleteUser">
    <skipped/>
  </testcase> <!-- testDeleteUser -->
  <system-out/>
  <testcase classname="testcases.TestCase" name="testCreateUser">
    <skipped/>
  </testcase> <!-- testCreateUser -->
  <system-out/>
</testsuite> <!-- testcases.TestCase -->
